<?xml version="1.0" encoding="UTF-8"?>
<!-- Generated by org.testng.reporters.JUnitReportReporter -->
<testsuite hostname="LAPTOP-EP5TPTKL" failures="0" tests="1" name="UserStories.Tests.userdummy" time="7.822" errors="0" timestamp="2025-01-15T17:05:51 EET" skipped="0">
  <testcase classname="UserStories.Tests.userdummy" name="userStoryNegativeEmailTest" time="7.822"/>
</testsuite> <!-- UserStories.Tests.userdummy -->
