<?xml version="1.0" encoding="UTF-8"?>
<!-- Generated by org.testng.reporters.JUnitReportReporter -->
<testsuite hostname="LAPTOP-EP5TPTKL" failures="0" tests="1" name="UserStories.Tests.UserStory1" time="8.768" errors="0" timestamp="2025-01-18T10:34:25 EET" skipped="0">
  <testcase classname="UserStories.Tests.UserStory1" name="userStoryNegativeEmailTest" time="8.768"/>
</testsuite> <!-- UserStories.Tests.UserStory1 -->
